2017-06-14 10:39:46 - PHP Notice:  Undefined variable: headerText in C:\xampp\htdocs\my-opencart\system\storage\modification\catalog\view\theme\default\template\common\header.tpl on line 85
2017-06-14 10:46:34 - PHP Notice:  Undefined variable: headerText in C:\xampp\htdocs\my-opencart\system\storage\modification\catalog\view\theme\default\template\common\header.tpl on line 85
2017-06-14 10:46:37 - PHP Notice:  Undefined variable: headerText in C:\xampp\htdocs\my-opencart\system\storage\modification\catalog\view\theme\default\template\common\header.tpl on line 85
2017-06-14 10:51:56 - PHP Notice:  Undefined variable: headerText in C:\xampp\htdocs\my-opencart\system\storage\modification\catalog\view\theme\default\template\common\header.tpl on line 85
2017-06-14 10:52:04 - PHP Notice:  Undefined variable: headerText in C:\xampp\htdocs\my-opencart\system\storage\modification\catalog\view\theme\default\template\common\header.tpl on line 85
2017-06-14 10:52:06 - PHP Notice:  Undefined variable: headerText in C:\xampp\htdocs\my-opencart\system\storage\modification\catalog\view\theme\default\template\common\header.tpl on line 85
2017-06-14 10:52:08 - PHP Notice:  Undefined variable: headerText in C:\xampp\htdocs\my-opencart\system\storage\modification\catalog\view\theme\default\template\common\header.tpl on line 85
2017-06-14 10:52:09 - PHP Notice:  Undefined variable: headerText in C:\xampp\htdocs\my-opencart\system\storage\modification\catalog\view\theme\default\template\common\header.tpl on line 85
2017-06-14 10:52:11 - PHP Notice:  Undefined variable: headerText in C:\xampp\htdocs\my-opencart\system\storage\modification\catalog\view\theme\default\template\common\header.tpl on line 85
2017-06-14 10:55:17 - PHP Notice:  Undefined variable: headerText in C:\xampp\htdocs\my-opencart\system\storage\modification\catalog\view\theme\default\template\common\header.tpl on line 85
2017-06-15 9:39:23 - PHP Notice:  Undefined variable: logo1 in C:\xampp\htdocs\my-opencart\system\storage\modification\catalog\view\theme\default\template\common\header.tpl on line 86
2017-06-15 9:39:23 - PHP Notice:  Undefined variable: logo2 in C:\xampp\htdocs\my-opencart\system\storage\modification\catalog\view\theme\default\template\common\header.tpl on line 89
2017-06-15 9:39:23 - PHP Notice:  Undefined variable: logo3 in C:\xampp\htdocs\my-opencart\system\storage\modification\catalog\view\theme\default\template\common\header.tpl on line 97
2017-06-15 9:40:21 - PHP Notice:  Undefined variable: logo1 in C:\xampp\htdocs\my-opencart\system\storage\modification\catalog\view\theme\default\template\common\header.tpl on line 86
2017-06-15 9:40:21 - PHP Notice:  Undefined variable: logo2 in C:\xampp\htdocs\my-opencart\system\storage\modification\catalog\view\theme\default\template\common\header.tpl on line 89
2017-06-15 9:40:21 - PHP Notice:  Undefined variable: logo3 in C:\xampp\htdocs\my-opencart\system\storage\modification\catalog\view\theme\default\template\common\header.tpl on line 97
2017-06-15 9:40:26 - PHP Notice:  Undefined variable: logo2 in C:\xampp\htdocs\my-opencart\system\storage\modification\catalog\view\theme\default\template\common\header.tpl on line 89
2017-06-15 9:40:26 - PHP Notice:  Undefined variable: logo3 in C:\xampp\htdocs\my-opencart\system\storage\modification\catalog\view\theme\default\template\common\header.tpl on line 97
2017-06-15 9:41:06 - PHP Notice:  Undefined variable: logo2 in C:\xampp\htdocs\my-opencart\system\storage\modification\catalog\view\theme\default\template\common\header.tpl on line 89
2017-06-15 9:41:06 - PHP Notice:  Undefined variable: logo3 in C:\xampp\htdocs\my-opencart\system\storage\modification\catalog\view\theme\default\template\common\header.tpl on line 97
2017-06-19 11:52:30 - PHP Warning:  DB\MySQLi::__destruct(): Property access is not allowed yet in C:\xampp\htdocs\my-opencart\system\library\db\mysqli.php on line 62
2017-06-19 11:52:30 - PHP Warning:  DB\MySQLi::__destruct(): Property access is not allowed yet in C:\xampp\htdocs\my-opencart\system\library\db\mysqli.php on line 62
2017-06-19 11:52:30 - PHP Warning:  DB\MySQLi::__destruct(): Couldn't fetch mysqli in C:\xampp\htdocs\my-opencart\system\library\db\mysqli.php on line 62
2017-06-19 11:52:30 - PHP Warning:  DB\MySQLi::__destruct(): Couldn't fetch mysqli in C:\xampp\htdocs\my-opencart\system\library\db\mysqli.php on line 62
2017-06-19 11:52:30 - PHP Warning:  DB\MySQLi::__destruct(): Property access is not allowed yet in C:\xampp\htdocs\my-opencart\system\library\db\mysqli.php on line 62
2017-06-19 11:52:30 - PHP Warning:  DB\MySQLi::__destruct(): Couldn't fetch mysqli in C:\xampp\htdocs\my-opencart\system\library\db\mysqli.php on line 62
2017-06-19 11:52:30 - PHP Warning:  DB\MySQLi::__destruct(): Couldn't fetch mysqli in C:\xampp\htdocs\my-opencart\system\library\db\mysqli.php on line 62
2017-06-19 11:52:30 - PHP Warning:  DB\MySQLi::__destruct(): Couldn't fetch mysqli in C:\xampp\htdocs\my-opencart\system\library\db\mysqli.php on line 62
2017-06-19 11:52:30 - PHP Warning:  DB\MySQLi::__destruct(): Couldn't fetch mysqli in C:\xampp\htdocs\my-opencart\system\library\db\mysqli.php on line 62
2017-06-19 11:52:30 - PHP Warning:  DB\MySQLi::__destruct(): Couldn't fetch mysqli in C:\xampp\htdocs\my-opencart\system\library\db\mysqli.php on line 62
2017-06-19 11:52:30 - PHP Warning:  DB\MySQLi::__destruct(): Couldn't fetch mysqli in C:\xampp\htdocs\my-opencart\system\library\db\mysqli.php on line 62
2017-06-19 11:52:30 - PHP Warning:  DB\MySQLi::__destruct(): Property access is not allowed yet in C:\xampp\htdocs\my-opencart\system\library\db\mysqli.php on line 62
2017-06-19 11:52:30 - PHP Warning:  DB\MySQLi::__destruct(): Couldn't fetch mysqli in C:\xampp\htdocs\my-opencart\system\library\db\mysqli.php on line 62
2017-06-19 11:52:30 - PHP Warning:  DB\MySQLi::__destruct(): Couldn't fetch mysqli in C:\xampp\htdocs\my-opencart\system\library\db\mysqli.php on line 62
2017-06-19 11:52:30 - PHP Warning:  DB\MySQLi::__destruct(): Couldn't fetch mysqli in C:\xampp\htdocs\my-opencart\system\library\db\mysqli.php on line 62
2017-06-19 11:52:30 - PHP Warning:  DB\MySQLi::__destruct(): Couldn't fetch mysqli in C:\xampp\htdocs\my-opencart\system\library\db\mysqli.php on line 62
2017-06-19 11:53:24 - PHP Warning:  DB\MySQLi::__destruct(): Property access is not allowed yet in C:\xampp\htdocs\my-opencart\system\library\db\mysqli.php on line 62
2017-06-19 11:53:24 - PHP Warning:  DB\MySQLi::__destruct(): Property access is not allowed yet in C:\xampp\htdocs\my-opencart\system\library\db\mysqli.php on line 62
2017-06-19 11:53:24 - PHP Warning:  DB\MySQLi::__destruct(): Couldn't fetch mysqli in C:\xampp\htdocs\my-opencart\system\library\db\mysqli.php on line 62
2017-06-19 11:53:24 - PHP Warning:  DB\MySQLi::__destruct(): Couldn't fetch mysqli in C:\xampp\htdocs\my-opencart\system\library\db\mysqli.php on line 62
2017-06-19 11:53:24 - PHP Warning:  DB\MySQLi::__destruct(): Property access is not allowed yet in C:\xampp\htdocs\my-opencart\system\library\db\mysqli.php on line 62
2017-06-19 11:53:24 - PHP Warning:  DB\MySQLi::__destruct(): Couldn't fetch mysqli in C:\xampp\htdocs\my-opencart\system\library\db\mysqli.php on line 62
2017-06-19 11:53:24 - PHP Warning:  DB\MySQLi::__destruct(): Couldn't fetch mysqli in C:\xampp\htdocs\my-opencart\system\library\db\mysqli.php on line 62
2017-06-19 11:53:24 - PHP Warning:  DB\MySQLi::__destruct(): Couldn't fetch mysqli in C:\xampp\htdocs\my-opencart\system\library\db\mysqli.php on line 62
2017-06-19 11:53:24 - PHP Warning:  DB\MySQLi::__destruct(): Couldn't fetch mysqli in C:\xampp\htdocs\my-opencart\system\library\db\mysqli.php on line 62
2017-06-19 11:53:24 - PHP Warning:  DB\MySQLi::__destruct(): Couldn't fetch mysqli in C:\xampp\htdocs\my-opencart\system\library\db\mysqli.php on line 62
2017-06-19 11:53:24 - PHP Warning:  DB\MySQLi::__destruct(): Couldn't fetch mysqli in C:\xampp\htdocs\my-opencart\system\library\db\mysqli.php on line 62
2017-06-19 11:53:24 - PHP Warning:  DB\MySQLi::__destruct(): Property access is not allowed yet in C:\xampp\htdocs\my-opencart\system\library\db\mysqli.php on line 62
2017-06-19 11:53:24 - PHP Warning:  DB\MySQLi::__destruct(): Couldn't fetch mysqli in C:\xampp\htdocs\my-opencart\system\library\db\mysqli.php on line 62
2017-06-19 11:53:24 - PHP Warning:  DB\MySQLi::__destruct(): Couldn't fetch mysqli in C:\xampp\htdocs\my-opencart\system\library\db\mysqli.php on line 62
2017-06-19 11:53:24 - PHP Warning:  DB\MySQLi::__destruct(): Couldn't fetch mysqli in C:\xampp\htdocs\my-opencart\system\library\db\mysqli.php on line 62
2017-06-19 11:53:24 - PHP Warning:  DB\MySQLi::__destruct(): Couldn't fetch mysqli in C:\xampp\htdocs\my-opencart\system\library\db\mysqli.php on line 62
2017-06-19 12:29:15 - PHP Warning:  DB\MySQLi::__destruct(): Property access is not allowed yet in C:\xampp\htdocs\my-opencart\system\library\db\mysqli.php on line 62
2017-06-19 12:29:15 - PHP Warning:  DB\MySQLi::__destruct(): Property access is not allowed yet in C:\xampp\htdocs\my-opencart\system\library\db\mysqli.php on line 62
2017-06-19 12:29:15 - PHP Warning:  DB\MySQLi::__destruct(): Couldn't fetch mysqli in C:\xampp\htdocs\my-opencart\system\library\db\mysqli.php on line 62
2017-06-19 12:29:15 - PHP Warning:  DB\MySQLi::__destruct(): Couldn't fetch mysqli in C:\xampp\htdocs\my-opencart\system\library\db\mysqli.php on line 62
2017-06-19 12:29:15 - PHP Warning:  DB\MySQLi::__destruct(): Property access is not allowed yet in C:\xampp\htdocs\my-opencart\system\library\db\mysqli.php on line 62
2017-06-19 12:29:15 - PHP Warning:  DB\MySQLi::__destruct(): Couldn't fetch mysqli in C:\xampp\htdocs\my-opencart\system\library\db\mysqli.php on line 62
2017-06-19 12:29:15 - PHP Warning:  DB\MySQLi::__destruct(): Couldn't fetch mysqli in C:\xampp\htdocs\my-opencart\system\library\db\mysqli.php on line 62
2017-06-19 12:29:15 - PHP Warning:  DB\MySQLi::__destruct(): Couldn't fetch mysqli in C:\xampp\htdocs\my-opencart\system\library\db\mysqli.php on line 62
2017-06-19 12:29:15 - PHP Warning:  DB\MySQLi::__destruct(): Couldn't fetch mysqli in C:\xampp\htdocs\my-opencart\system\library\db\mysqli.php on line 62
2017-06-19 12:29:15 - PHP Warning:  DB\MySQLi::__destruct(): Couldn't fetch mysqli in C:\xampp\htdocs\my-opencart\system\library\db\mysqli.php on line 62
2017-06-19 12:29:15 - PHP Warning:  DB\MySQLi::__destruct(): Couldn't fetch mysqli in C:\xampp\htdocs\my-opencart\system\library\db\mysqli.php on line 62
2017-06-19 12:29:15 - PHP Warning:  DB\MySQLi::__destruct(): Property access is not allowed yet in C:\xampp\htdocs\my-opencart\system\library\db\mysqli.php on line 62
2017-06-19 12:29:15 - PHP Warning:  DB\MySQLi::__destruct(): Couldn't fetch mysqli in C:\xampp\htdocs\my-opencart\system\library\db\mysqli.php on line 62
2017-06-19 12:29:15 - PHP Warning:  DB\MySQLi::__destruct(): Couldn't fetch mysqli in C:\xampp\htdocs\my-opencart\system\library\db\mysqli.php on line 62
2017-06-19 12:29:15 - PHP Warning:  DB\MySQLi::__destruct(): Couldn't fetch mysqli in C:\xampp\htdocs\my-opencart\system\library\db\mysqli.php on line 62
2017-06-19 12:29:15 - PHP Warning:  DB\MySQLi::__destruct(): Couldn't fetch mysqli in C:\xampp\htdocs\my-opencart\system\library\db\mysqli.php on line 62
2017-06-19 12:29:15 - PHP Warning:  DB\MySQLi::__destruct(): Property access is not allowed yet in C:\xampp\htdocs\my-opencart\system\library\db\mysqli.php on line 62
2017-06-19 12:29:15 - PHP Warning:  DB\MySQLi::__destruct(): Property access is not allowed yet in C:\xampp\htdocs\my-opencart\system\library\db\mysqli.php on line 62
2017-06-19 12:29:15 - PHP Warning:  DB\MySQLi::__destruct(): Couldn't fetch mysqli in C:\xampp\htdocs\my-opencart\system\library\db\mysqli.php on line 62
2017-06-19 12:29:15 - PHP Warning:  DB\MySQLi::__destruct(): Couldn't fetch mysqli in C:\xampp\htdocs\my-opencart\system\library\db\mysqli.php on line 62
2017-06-19 12:29:15 - PHP Warning:  DB\MySQLi::__destruct(): Property access is not allowed yet in C:\xampp\htdocs\my-opencart\system\library\db\mysqli.php on line 62
2017-06-19 12:29:15 - PHP Warning:  DB\MySQLi::__destruct(): Couldn't fetch mysqli in C:\xampp\htdocs\my-opencart\system\library\db\mysqli.php on line 62
2017-06-19 12:29:15 - PHP Warning:  DB\MySQLi::__destruct(): Couldn't fetch mysqli in C:\xampp\htdocs\my-opencart\system\library\db\mysqli.php on line 62
2017-06-19 12:29:15 - PHP Warning:  DB\MySQLi::__destruct(): Couldn't fetch mysqli in C:\xampp\htdocs\my-opencart\system\library\db\mysqli.php on line 62
2017-06-19 12:29:15 - PHP Warning:  DB\MySQLi::__destruct(): Couldn't fetch mysqli in C:\xampp\htdocs\my-opencart\system\library\db\mysqli.php on line 62
2017-06-19 12:29:15 - PHP Warning:  DB\MySQLi::__destruct(): Couldn't fetch mysqli in C:\xampp\htdocs\my-opencart\system\library\db\mysqli.php on line 62
2017-06-19 12:29:15 - PHP Warning:  DB\MySQLi::__destruct(): Couldn't fetch mysqli in C:\xampp\htdocs\my-opencart\system\library\db\mysqli.php on line 62
2017-06-19 12:29:15 - PHP Warning:  DB\MySQLi::__destruct(): Property access is not allowed yet in C:\xampp\htdocs\my-opencart\system\library\db\mysqli.php on line 62
2017-06-19 12:29:15 - PHP Warning:  DB\MySQLi::__destruct(): Couldn't fetch mysqli in C:\xampp\htdocs\my-opencart\system\library\db\mysqli.php on line 62
2017-06-19 12:29:15 - PHP Warning:  DB\MySQLi::__destruct(): Couldn't fetch mysqli in C:\xampp\htdocs\my-opencart\system\library\db\mysqli.php on line 62
2017-06-19 12:29:15 - PHP Warning:  DB\MySQLi::__destruct(): Couldn't fetch mysqli in C:\xampp\htdocs\my-opencart\system\library\db\mysqli.php on line 62
2017-06-19 12:29:15 - PHP Warning:  DB\MySQLi::__destruct(): Couldn't fetch mysqli in C:\xampp\htdocs\my-opencart\system\library\db\mysqli.php on line 62
2017-06-19 12:29:35 - PHP Warning:  DB\MySQLi::__destruct(): Property access is not allowed yet in C:\xampp\htdocs\my-opencart\system\library\db\mysqli.php on line 62
2017-06-19 12:29:35 - PHP Warning:  DB\MySQLi::__destruct(): Property access is not allowed yet in C:\xampp\htdocs\my-opencart\system\library\db\mysqli.php on line 62
2017-06-19 12:29:35 - PHP Warning:  DB\MySQLi::__destruct(): Couldn't fetch mysqli in C:\xampp\htdocs\my-opencart\system\library\db\mysqli.php on line 62
2017-06-19 12:29:35 - PHP Warning:  DB\MySQLi::__destruct(): Couldn't fetch mysqli in C:\xampp\htdocs\my-opencart\system\library\db\mysqli.php on line 62
2017-06-19 12:29:35 - PHP Warning:  DB\MySQLi::__destruct(): Property access is not allowed yet in C:\xampp\htdocs\my-opencart\system\library\db\mysqli.php on line 62
2017-06-19 12:29:35 - PHP Warning:  DB\MySQLi::__destruct(): Couldn't fetch mysqli in C:\xampp\htdocs\my-opencart\system\library\db\mysqli.php on line 62
2017-06-19 12:29:35 - PHP Warning:  DB\MySQLi::__destruct(): Couldn't fetch mysqli in C:\xampp\htdocs\my-opencart\system\library\db\mysqli.php on line 62
2017-06-19 12:29:35 - PHP Warning:  DB\MySQLi::__destruct(): Couldn't fetch mysqli in C:\xampp\htdocs\my-opencart\system\library\db\mysqli.php on line 62
2017-06-19 12:29:35 - PHP Warning:  DB\MySQLi::__destruct(): Couldn't fetch mysqli in C:\xampp\htdocs\my-opencart\system\library\db\mysqli.php on line 62
2017-06-19 12:29:35 - PHP Warning:  DB\MySQLi::__destruct(): Couldn't fetch mysqli in C:\xampp\htdocs\my-opencart\system\library\db\mysqli.php on line 62
2017-06-19 12:29:35 - PHP Warning:  DB\MySQLi::__destruct(): Couldn't fetch mysqli in C:\xampp\htdocs\my-opencart\system\library\db\mysqli.php on line 62
2017-06-19 12:29:35 - PHP Warning:  DB\MySQLi::__destruct(): Property access is not allowed yet in C:\xampp\htdocs\my-opencart\system\library\db\mysqli.php on line 62
2017-06-19 12:29:35 - PHP Warning:  DB\MySQLi::__destruct(): Couldn't fetch mysqli in C:\xampp\htdocs\my-opencart\system\library\db\mysqli.php on line 62
2017-06-19 12:29:35 - PHP Warning:  DB\MySQLi::__destruct(): Couldn't fetch mysqli in C:\xampp\htdocs\my-opencart\system\library\db\mysqli.php on line 62
2017-06-19 12:29:35 - PHP Warning:  DB\MySQLi::__destruct(): Couldn't fetch mysqli in C:\xampp\htdocs\my-opencart\system\library\db\mysqli.php on line 62
2017-06-19 12:29:35 - PHP Warning:  DB\MySQLi::__destruct(): Couldn't fetch mysqli in C:\xampp\htdocs\my-opencart\system\library\db\mysqli.php on line 62
2017-06-19 12:29:35 - PHP Warning:  DB\MySQLi::__destruct(): Property access is not allowed yet in C:\xampp\htdocs\my-opencart\system\library\db\mysqli.php on line 62
2017-06-19 12:29:35 - PHP Warning:  DB\MySQLi::__destruct(): Property access is not allowed yet in C:\xampp\htdocs\my-opencart\system\library\db\mysqli.php on line 62
2017-06-19 12:29:35 - PHP Warning:  DB\MySQLi::__destruct(): Couldn't fetch mysqli in C:\xampp\htdocs\my-opencart\system\library\db\mysqli.php on line 62
2017-06-19 12:29:35 - PHP Warning:  DB\MySQLi::__destruct(): Couldn't fetch mysqli in C:\xampp\htdocs\my-opencart\system\library\db\mysqli.php on line 62
2017-06-19 12:29:35 - PHP Warning:  DB\MySQLi::__destruct(): Property access is not allowed yet in C:\xampp\htdocs\my-opencart\system\library\db\mysqli.php on line 62
2017-06-19 12:29:35 - PHP Warning:  DB\MySQLi::__destruct(): Couldn't fetch mysqli in C:\xampp\htdocs\my-opencart\system\library\db\mysqli.php on line 62
2017-06-19 12:29:35 - PHP Warning:  DB\MySQLi::__destruct(): Couldn't fetch mysqli in C:\xampp\htdocs\my-opencart\system\library\db\mysqli.php on line 62
2017-06-19 12:29:35 - PHP Warning:  DB\MySQLi::__destruct(): Couldn't fetch mysqli in C:\xampp\htdocs\my-opencart\system\library\db\mysqli.php on line 62
2017-06-19 12:29:35 - PHP Warning:  DB\MySQLi::__destruct(): Couldn't fetch mysqli in C:\xampp\htdocs\my-opencart\system\library\db\mysqli.php on line 62
2017-06-19 12:29:35 - PHP Warning:  DB\MySQLi::__destruct(): Couldn't fetch mysqli in C:\xampp\htdocs\my-opencart\system\library\db\mysqli.php on line 62
2017-06-19 12:29:35 - PHP Warning:  DB\MySQLi::__destruct(): Couldn't fetch mysqli in C:\xampp\htdocs\my-opencart\system\library\db\mysqli.php on line 62
2017-06-19 12:29:35 - PHP Warning:  DB\MySQLi::__destruct(): Property access is not allowed yet in C:\xampp\htdocs\my-opencart\system\library\db\mysqli.php on line 62
2017-06-19 12:29:35 - PHP Warning:  DB\MySQLi::__destruct(): Couldn't fetch mysqli in C:\xampp\htdocs\my-opencart\system\library\db\mysqli.php on line 62
2017-06-19 12:29:35 - PHP Warning:  DB\MySQLi::__destruct(): Couldn't fetch mysqli in C:\xampp\htdocs\my-opencart\system\library\db\mysqli.php on line 62
2017-06-19 12:29:35 - PHP Warning:  DB\MySQLi::__destruct(): Couldn't fetch mysqli in C:\xampp\htdocs\my-opencart\system\library\db\mysqli.php on line 62
2017-06-19 12:29:35 - PHP Warning:  DB\MySQLi::__destruct(): Couldn't fetch mysqli in C:\xampp\htdocs\my-opencart\system\library\db\mysqli.php on line 62
2017-06-19 12:30:05 - PHP Warning:  DB\MySQLi::__destruct(): Property access is not allowed yet in C:\xampp\htdocs\my-opencart\system\library\db\mysqli.php on line 62
2017-06-19 12:30:05 - PHP Warning:  DB\MySQLi::__destruct(): Property access is not allowed yet in C:\xampp\htdocs\my-opencart\system\library\db\mysqli.php on line 62
2017-06-19 12:30:05 - PHP Warning:  DB\MySQLi::__destruct(): Couldn't fetch mysqli in C:\xampp\htdocs\my-opencart\system\library\db\mysqli.php on line 62
2017-06-19 12:30:05 - PHP Warning:  DB\MySQLi::__destruct(): Couldn't fetch mysqli in C:\xampp\htdocs\my-opencart\system\library\db\mysqli.php on line 62
2017-06-19 12:30:05 - PHP Warning:  DB\MySQLi::__destruct(): Property access is not allowed yet in C:\xampp\htdocs\my-opencart\system\library\db\mysqli.php on line 62
2017-06-19 12:30:05 - PHP Warning:  DB\MySQLi::__destruct(): Couldn't fetch mysqli in C:\xampp\htdocs\my-opencart\system\library\db\mysqli.php on line 62
2017-06-19 12:30:05 - PHP Warning:  DB\MySQLi::__destruct(): Couldn't fetch mysqli in C:\xampp\htdocs\my-opencart\system\library\db\mysqli.php on line 62
2017-06-19 12:30:05 - PHP Warning:  DB\MySQLi::__destruct(): Couldn't fetch mysqli in C:\xampp\htdocs\my-opencart\system\library\db\mysqli.php on line 62
2017-06-19 12:30:05 - PHP Warning:  DB\MySQLi::__destruct(): Couldn't fetch mysqli in C:\xampp\htdocs\my-opencart\system\library\db\mysqli.php on line 62
2017-06-19 12:30:05 - PHP Warning:  DB\MySQLi::__destruct(): Couldn't fetch mysqli in C:\xampp\htdocs\my-opencart\system\library\db\mysqli.php on line 62
2017-06-19 12:30:05 - PHP Warning:  DB\MySQLi::__destruct(): Couldn't fetch mysqli in C:\xampp\htdocs\my-opencart\system\library\db\mysqli.php on line 62
2017-06-19 12:30:05 - PHP Warning:  DB\MySQLi::__destruct(): Property access is not allowed yet in C:\xampp\htdocs\my-opencart\system\library\db\mysqli.php on line 62
2017-06-19 12:30:05 - PHP Warning:  DB\MySQLi::__destruct(): Couldn't fetch mysqli in C:\xampp\htdocs\my-opencart\system\library\db\mysqli.php on line 62
2017-06-19 12:30:05 - PHP Warning:  DB\MySQLi::__destruct(): Couldn't fetch mysqli in C:\xampp\htdocs\my-opencart\system\library\db\mysqli.php on line 62
2017-06-19 12:30:05 - PHP Warning:  DB\MySQLi::__destruct(): Couldn't fetch mysqli in C:\xampp\htdocs\my-opencart\system\library\db\mysqli.php on line 62
2017-06-19 12:30:05 - PHP Warning:  DB\MySQLi::__destruct(): Couldn't fetch mysqli in C:\xampp\htdocs\my-opencart\system\library\db\mysqli.php on line 62
2017-06-19 12:30:05 - PHP Warning:  DB\MySQLi::__destruct(): Property access is not allowed yet in C:\xampp\htdocs\my-opencart\system\library\db\mysqli.php on line 62
2017-06-19 12:30:05 - PHP Warning:  DB\MySQLi::__destruct(): Property access is not allowed yet in C:\xampp\htdocs\my-opencart\system\library\db\mysqli.php on line 62
2017-06-19 12:30:05 - PHP Warning:  DB\MySQLi::__destruct(): Couldn't fetch mysqli in C:\xampp\htdocs\my-opencart\system\library\db\mysqli.php on line 62
2017-06-19 12:30:05 - PHP Warning:  DB\MySQLi::__destruct(): Couldn't fetch mysqli in C:\xampp\htdocs\my-opencart\system\library\db\mysqli.php on line 62
2017-06-19 12:30:05 - PHP Warning:  DB\MySQLi::__destruct(): Property access is not allowed yet in C:\xampp\htdocs\my-opencart\system\library\db\mysqli.php on line 62
2017-06-19 12:30:05 - PHP Warning:  DB\MySQLi::__destruct(): Couldn't fetch mysqli in C:\xampp\htdocs\my-opencart\system\library\db\mysqli.php on line 62
2017-06-19 12:30:05 - PHP Warning:  DB\MySQLi::__destruct(): Couldn't fetch mysqli in C:\xampp\htdocs\my-opencart\system\library\db\mysqli.php on line 62
2017-06-19 12:30:05 - PHP Warning:  DB\MySQLi::__destruct(): Couldn't fetch mysqli in C:\xampp\htdocs\my-opencart\system\library\db\mysqli.php on line 62
2017-06-19 12:30:05 - PHP Warning:  DB\MySQLi::__destruct(): Couldn't fetch mysqli in C:\xampp\htdocs\my-opencart\system\library\db\mysqli.php on line 62
2017-06-19 12:30:05 - PHP Warning:  DB\MySQLi::__destruct(): Couldn't fetch mysqli in C:\xampp\htdocs\my-opencart\system\library\db\mysqli.php on line 62
2017-06-19 12:30:05 - PHP Warning:  DB\MySQLi::__destruct(): Couldn't fetch mysqli in C:\xampp\htdocs\my-opencart\system\library\db\mysqli.php on line 62
2017-06-19 12:30:05 - PHP Warning:  DB\MySQLi::__destruct(): Property access is not allowed yet in C:\xampp\htdocs\my-opencart\system\library\db\mysqli.php on line 62
2017-06-19 12:30:05 - PHP Warning:  DB\MySQLi::__destruct(): Couldn't fetch mysqli in C:\xampp\htdocs\my-opencart\system\library\db\mysqli.php on line 62
2017-06-19 12:30:05 - PHP Warning:  DB\MySQLi::__destruct(): Couldn't fetch mysqli in C:\xampp\htdocs\my-opencart\system\library\db\mysqli.php on line 62
2017-06-19 12:30:05 - PHP Warning:  DB\MySQLi::__destruct(): Couldn't fetch mysqli in C:\xampp\htdocs\my-opencart\system\library\db\mysqli.php on line 62
2017-06-19 12:30:05 - PHP Warning:  DB\MySQLi::__destruct(): Couldn't fetch mysqli in C:\xampp\htdocs\my-opencart\system\library\db\mysqli.php on line 62
2017-06-19 12:31:59 - PHP Warning:  DB\MySQLi::__destruct(): Property access is not allowed yet in C:\xampp\htdocs\my-opencart\system\library\db\mysqli.php on line 62
2017-06-19 12:31:59 - PHP Warning:  DB\MySQLi::__destruct(): Property access is not allowed yet in C:\xampp\htdocs\my-opencart\system\library\db\mysqli.php on line 62
2017-06-19 12:31:59 - PHP Warning:  DB\MySQLi::__destruct(): Couldn't fetch mysqli in C:\xampp\htdocs\my-opencart\system\library\db\mysqli.php on line 62
2017-06-19 12:31:59 - PHP Warning:  DB\MySQLi::__destruct(): Couldn't fetch mysqli in C:\xampp\htdocs\my-opencart\system\library\db\mysqli.php on line 62
2017-06-19 12:31:59 - PHP Warning:  DB\MySQLi::__destruct(): Property access is not allowed yet in C:\xampp\htdocs\my-opencart\system\library\db\mysqli.php on line 62
2017-06-19 12:31:59 - PHP Warning:  DB\MySQLi::__destruct(): Couldn't fetch mysqli in C:\xampp\htdocs\my-opencart\system\library\db\mysqli.php on line 62
2017-06-19 12:31:59 - PHP Warning:  DB\MySQLi::__destruct(): Couldn't fetch mysqli in C:\xampp\htdocs\my-opencart\system\library\db\mysqli.php on line 62
2017-06-19 12:31:59 - PHP Warning:  DB\MySQLi::__destruct(): Couldn't fetch mysqli in C:\xampp\htdocs\my-opencart\system\library\db\mysqli.php on line 62
2017-06-19 12:31:59 - PHP Warning:  DB\MySQLi::__destruct(): Couldn't fetch mysqli in C:\xampp\htdocs\my-opencart\system\library\db\mysqli.php on line 62
2017-06-19 12:31:59 - PHP Warning:  DB\MySQLi::__destruct(): Couldn't fetch mysqli in C:\xampp\htdocs\my-opencart\system\library\db\mysqli.php on line 62
2017-06-19 12:31:59 - PHP Warning:  DB\MySQLi::__destruct(): Couldn't fetch mysqli in C:\xampp\htdocs\my-opencart\system\library\db\mysqli.php on line 62
2017-06-19 12:31:59 - PHP Warning:  DB\MySQLi::__destruct(): Property access is not allowed yet in C:\xampp\htdocs\my-opencart\system\library\db\mysqli.php on line 62
2017-06-19 12:31:59 - PHP Warning:  DB\MySQLi::__destruct(): Couldn't fetch mysqli in C:\xampp\htdocs\my-opencart\system\library\db\mysqli.php on line 62
2017-06-19 12:31:59 - PHP Warning:  DB\MySQLi::__destruct(): Couldn't fetch mysqli in C:\xampp\htdocs\my-opencart\system\library\db\mysqli.php on line 62
2017-06-19 12:31:59 - PHP Warning:  DB\MySQLi::__destruct(): Couldn't fetch mysqli in C:\xampp\htdocs\my-opencart\system\library\db\mysqli.php on line 62
2017-06-19 12:31:59 - PHP Warning:  DB\MySQLi::__destruct(): Couldn't fetch mysqli in C:\xampp\htdocs\my-opencart\system\library\db\mysqli.php on line 62
2017-06-19 12:31:59 - PHP Warning:  DB\MySQLi::__destruct(): Property access is not allowed yet in C:\xampp\htdocs\my-opencart\system\library\db\mysqli.php on line 62
2017-06-19 12:31:59 - PHP Warning:  DB\MySQLi::__destruct(): Property access is not allowed yet in C:\xampp\htdocs\my-opencart\system\library\db\mysqli.php on line 62
2017-06-19 12:31:59 - PHP Warning:  DB\MySQLi::__destruct(): Couldn't fetch mysqli in C:\xampp\htdocs\my-opencart\system\library\db\mysqli.php on line 62
2017-06-19 12:31:59 - PHP Warning:  DB\MySQLi::__destruct(): Couldn't fetch mysqli in C:\xampp\htdocs\my-opencart\system\library\db\mysqli.php on line 62
2017-06-19 12:31:59 - PHP Warning:  DB\MySQLi::__destruct(): Property access is not allowed yet in C:\xampp\htdocs\my-opencart\system\library\db\mysqli.php on line 62
2017-06-19 12:31:59 - PHP Warning:  DB\MySQLi::__destruct(): Couldn't fetch mysqli in C:\xampp\htdocs\my-opencart\system\library\db\mysqli.php on line 62
2017-06-19 12:31:59 - PHP Warning:  DB\MySQLi::__destruct(): Couldn't fetch mysqli in C:\xampp\htdocs\my-opencart\system\library\db\mysqli.php on line 62
2017-06-19 12:31:59 - PHP Warning:  DB\MySQLi::__destruct(): Couldn't fetch mysqli in C:\xampp\htdocs\my-opencart\system\library\db\mysqli.php on line 62
2017-06-19 12:31:59 - PHP Warning:  DB\MySQLi::__destruct(): Couldn't fetch mysqli in C:\xampp\htdocs\my-opencart\system\library\db\mysqli.php on line 62
2017-06-19 12:31:59 - PHP Warning:  DB\MySQLi::__destruct(): Couldn't fetch mysqli in C:\xampp\htdocs\my-opencart\system\library\db\mysqli.php on line 62
2017-06-19 12:31:59 - PHP Warning:  DB\MySQLi::__destruct(): Couldn't fetch mysqli in C:\xampp\htdocs\my-opencart\system\library\db\mysqli.php on line 62
2017-06-19 12:31:59 - PHP Warning:  DB\MySQLi::__destruct(): Property access is not allowed yet in C:\xampp\htdocs\my-opencart\system\library\db\mysqli.php on line 62
2017-06-19 12:31:59 - PHP Warning:  DB\MySQLi::__destruct(): Couldn't fetch mysqli in C:\xampp\htdocs\my-opencart\system\library\db\mysqli.php on line 62
2017-06-19 12:31:59 - PHP Warning:  DB\MySQLi::__destruct(): Couldn't fetch mysqli in C:\xampp\htdocs\my-opencart\system\library\db\mysqli.php on line 62
2017-06-19 12:31:59 - PHP Warning:  DB\MySQLi::__destruct(): Couldn't fetch mysqli in C:\xampp\htdocs\my-opencart\system\library\db\mysqli.php on line 62
2017-06-19 12:31:59 - PHP Warning:  DB\MySQLi::__destruct(): Couldn't fetch mysqli in C:\xampp\htdocs\my-opencart\system\library\db\mysqli.php on line 62
2017-06-19 12:38:26 - PHP Warning:  DB\MySQLi::__destruct(): Property access is not allowed yet in C:\xampp\htdocs\my-opencart\system\library\db\mysqli.php on line 62
2017-06-19 12:38:26 - PHP Warning:  DB\MySQLi::__destruct(): Property access is not allowed yet in C:\xampp\htdocs\my-opencart\system\library\db\mysqli.php on line 62
2017-06-19 12:38:26 - PHP Warning:  DB\MySQLi::__destruct(): Couldn't fetch mysqli in C:\xampp\htdocs\my-opencart\system\library\db\mysqli.php on line 62
2017-06-19 12:38:26 - PHP Warning:  DB\MySQLi::__destruct(): Couldn't fetch mysqli in C:\xampp\htdocs\my-opencart\system\library\db\mysqli.php on line 62
2017-06-19 12:38:26 - PHP Warning:  DB\MySQLi::__destruct(): Property access is not allowed yet in C:\xampp\htdocs\my-opencart\system\library\db\mysqli.php on line 62
2017-06-19 12:38:26 - PHP Warning:  DB\MySQLi::__destruct(): Couldn't fetch mysqli in C:\xampp\htdocs\my-opencart\system\library\db\mysqli.php on line 62
2017-06-19 12:38:26 - PHP Warning:  DB\MySQLi::__destruct(): Couldn't fetch mysqli in C:\xampp\htdocs\my-opencart\system\library\db\mysqli.php on line 62
2017-06-19 12:38:26 - PHP Warning:  DB\MySQLi::__destruct(): Couldn't fetch mysqli in C:\xampp\htdocs\my-opencart\system\library\db\mysqli.php on line 62
2017-06-19 12:38:26 - PHP Warning:  DB\MySQLi::__destruct(): Couldn't fetch mysqli in C:\xampp\htdocs\my-opencart\system\library\db\mysqli.php on line 62
2017-06-19 12:38:26 - PHP Warning:  DB\MySQLi::__destruct(): Couldn't fetch mysqli in C:\xampp\htdocs\my-opencart\system\library\db\mysqli.php on line 62
2017-06-19 12:38:26 - PHP Warning:  DB\MySQLi::__destruct(): Couldn't fetch mysqli in C:\xampp\htdocs\my-opencart\system\library\db\mysqli.php on line 62
2017-06-19 12:38:26 - PHP Warning:  DB\MySQLi::__destruct(): Property access is not allowed yet in C:\xampp\htdocs\my-opencart\system\library\db\mysqli.php on line 62
2017-06-19 12:38:26 - PHP Warning:  DB\MySQLi::__destruct(): Couldn't fetch mysqli in C:\xampp\htdocs\my-opencart\system\library\db\mysqli.php on line 62
2017-06-19 12:38:26 - PHP Warning:  DB\MySQLi::__destruct(): Couldn't fetch mysqli in C:\xampp\htdocs\my-opencart\system\library\db\mysqli.php on line 62
2017-06-19 12:38:26 - PHP Warning:  DB\MySQLi::__destruct(): Couldn't fetch mysqli in C:\xampp\htdocs\my-opencart\system\library\db\mysqli.php on line 62
2017-06-19 12:38:26 - PHP Warning:  DB\MySQLi::__destruct(): Couldn't fetch mysqli in C:\xampp\htdocs\my-opencart\system\library\db\mysqli.php on line 62
2017-06-19 12:38:26 - PHP Warning:  DB\MySQLi::__destruct(): Property access is not allowed yet in C:\xampp\htdocs\my-opencart\system\library\db\mysqli.php on line 62
2017-06-19 12:38:26 - PHP Warning:  DB\MySQLi::__destruct(): Property access is not allowed yet in C:\xampp\htdocs\my-opencart\system\library\db\mysqli.php on line 62
2017-06-19 12:38:26 - PHP Warning:  DB\MySQLi::__destruct(): Couldn't fetch mysqli in C:\xampp\htdocs\my-opencart\system\library\db\mysqli.php on line 62
2017-06-19 12:38:26 - PHP Warning:  DB\MySQLi::__destruct(): Couldn't fetch mysqli in C:\xampp\htdocs\my-opencart\system\library\db\mysqli.php on line 62
2017-06-19 12:38:26 - PHP Warning:  DB\MySQLi::__destruct(): Property access is not allowed yet in C:\xampp\htdocs\my-opencart\system\library\db\mysqli.php on line 62
2017-06-19 12:38:26 - PHP Warning:  DB\MySQLi::__destruct(): Couldn't fetch mysqli in C:\xampp\htdocs\my-opencart\system\library\db\mysqli.php on line 62
2017-06-19 12:38:26 - PHP Warning:  DB\MySQLi::__destruct(): Couldn't fetch mysqli in C:\xampp\htdocs\my-opencart\system\library\db\mysqli.php on line 62
2017-06-19 12:38:26 - PHP Warning:  DB\MySQLi::__destruct(): Couldn't fetch mysqli in C:\xampp\htdocs\my-opencart\system\library\db\mysqli.php on line 62
2017-06-19 12:38:26 - PHP Warning:  DB\MySQLi::__destruct(): Couldn't fetch mysqli in C:\xampp\htdocs\my-opencart\system\library\db\mysqli.php on line 62
2017-06-19 12:38:26 - PHP Warning:  DB\MySQLi::__destruct(): Couldn't fetch mysqli in C:\xampp\htdocs\my-opencart\system\library\db\mysqli.php on line 62
2017-06-19 12:38:26 - PHP Warning:  DB\MySQLi::__destruct(): Couldn't fetch mysqli in C:\xampp\htdocs\my-opencart\system\library\db\mysqli.php on line 62
2017-06-19 12:38:26 - PHP Warning:  DB\MySQLi::__destruct(): Property access is not allowed yet in C:\xampp\htdocs\my-opencart\system\library\db\mysqli.php on line 62
2017-06-19 12:38:26 - PHP Warning:  DB\MySQLi::__destruct(): Couldn't fetch mysqli in C:\xampp\htdocs\my-opencart\system\library\db\mysqli.php on line 62
2017-06-19 12:38:26 - PHP Warning:  DB\MySQLi::__destruct(): Couldn't fetch mysqli in C:\xampp\htdocs\my-opencart\system\library\db\mysqli.php on line 62
2017-06-19 12:38:26 - PHP Warning:  DB\MySQLi::__destruct(): Couldn't fetch mysqli in C:\xampp\htdocs\my-opencart\system\library\db\mysqli.php on line 62
2017-06-19 12:38:26 - PHP Warning:  DB\MySQLi::__destruct(): Couldn't fetch mysqli in C:\xampp\htdocs\my-opencart\system\library\db\mysqli.php on line 62
2017-06-19 12:38:38 - PHP Warning:  DB\MySQLi::__destruct(): Property access is not allowed yet in C:\xampp\htdocs\my-opencart\system\library\db\mysqli.php on line 62
2017-06-19 12:38:38 - PHP Warning:  DB\MySQLi::__destruct(): Property access is not allowed yet in C:\xampp\htdocs\my-opencart\system\library\db\mysqli.php on line 62
2017-06-19 12:38:38 - PHP Warning:  DB\MySQLi::__destruct(): Couldn't fetch mysqli in C:\xampp\htdocs\my-opencart\system\library\db\mysqli.php on line 62
2017-06-19 12:38:38 - PHP Warning:  DB\MySQLi::__destruct(): Couldn't fetch mysqli in C:\xampp\htdocs\my-opencart\system\library\db\mysqli.php on line 62
2017-06-19 12:38:38 - PHP Warning:  DB\MySQLi::__destruct(): Property access is not allowed yet in C:\xampp\htdocs\my-opencart\system\library\db\mysqli.php on line 62
2017-06-19 12:38:38 - PHP Warning:  DB\MySQLi::__destruct(): Couldn't fetch mysqli in C:\xampp\htdocs\my-opencart\system\library\db\mysqli.php on line 62
2017-06-19 12:38:38 - PHP Warning:  DB\MySQLi::__destruct(): Couldn't fetch mysqli in C:\xampp\htdocs\my-opencart\system\library\db\mysqli.php on line 62
2017-06-19 12:38:38 - PHP Warning:  DB\MySQLi::__destruct(): Couldn't fetch mysqli in C:\xampp\htdocs\my-opencart\system\library\db\mysqli.php on line 62
2017-06-19 12:38:38 - PHP Warning:  DB\MySQLi::__destruct(): Couldn't fetch mysqli in C:\xampp\htdocs\my-opencart\system\library\db\mysqli.php on line 62
2017-06-19 12:38:38 - PHP Warning:  DB\MySQLi::__destruct(): Couldn't fetch mysqli in C:\xampp\htdocs\my-opencart\system\library\db\mysqli.php on line 62
2017-06-19 12:38:38 - PHP Warning:  DB\MySQLi::__destruct(): Couldn't fetch mysqli in C:\xampp\htdocs\my-opencart\system\library\db\mysqli.php on line 62
2017-06-19 12:38:38 - PHP Warning:  DB\MySQLi::__destruct(): Property access is not allowed yet in C:\xampp\htdocs\my-opencart\system\library\db\mysqli.php on line 62
2017-06-19 12:38:38 - PHP Warning:  DB\MySQLi::__destruct(): Couldn't fetch mysqli in C:\xampp\htdocs\my-opencart\system\library\db\mysqli.php on line 62
2017-06-19 12:38:38 - PHP Warning:  DB\MySQLi::__destruct(): Couldn't fetch mysqli in C:\xampp\htdocs\my-opencart\system\library\db\mysqli.php on line 62
2017-06-19 12:38:38 - PHP Warning:  DB\MySQLi::__destruct(): Couldn't fetch mysqli in C:\xampp\htdocs\my-opencart\system\library\db\mysqli.php on line 62
2017-06-19 12:38:38 - PHP Warning:  DB\MySQLi::__destruct(): Couldn't fetch mysqli in C:\xampp\htdocs\my-opencart\system\library\db\mysqli.php on line 62
2017-06-19 12:38:38 - PHP Warning:  DB\MySQLi::__destruct(): Property access is not allowed yet in C:\xampp\htdocs\my-opencart\system\library\db\mysqli.php on line 62
2017-06-19 12:38:38 - PHP Warning:  DB\MySQLi::__destruct(): Property access is not allowed yet in C:\xampp\htdocs\my-opencart\system\library\db\mysqli.php on line 62
2017-06-19 12:38:38 - PHP Warning:  DB\MySQLi::__destruct(): Couldn't fetch mysqli in C:\xampp\htdocs\my-opencart\system\library\db\mysqli.php on line 62
2017-06-19 12:38:38 - PHP Warning:  DB\MySQLi::__destruct(): Couldn't fetch mysqli in C:\xampp\htdocs\my-opencart\system\library\db\mysqli.php on line 62
2017-06-19 12:38:38 - PHP Warning:  DB\MySQLi::__destruct(): Property access is not allowed yet in C:\xampp\htdocs\my-opencart\system\library\db\mysqli.php on line 62
2017-06-19 12:38:38 - PHP Warning:  DB\MySQLi::__destruct(): Couldn't fetch mysqli in C:\xampp\htdocs\my-opencart\system\library\db\mysqli.php on line 62
2017-06-19 12:38:38 - PHP Warning:  DB\MySQLi::__destruct(): Couldn't fetch mysqli in C:\xampp\htdocs\my-opencart\system\library\db\mysqli.php on line 62
2017-06-19 12:38:38 - PHP Warning:  DB\MySQLi::__destruct(): Couldn't fetch mysqli in C:\xampp\htdocs\my-opencart\system\library\db\mysqli.php on line 62
2017-06-19 12:38:38 - PHP Warning:  DB\MySQLi::__destruct(): Couldn't fetch mysqli in C:\xampp\htdocs\my-opencart\system\library\db\mysqli.php on line 62
2017-06-19 12:38:38 - PHP Warning:  DB\MySQLi::__destruct(): Couldn't fetch mysqli in C:\xampp\htdocs\my-opencart\system\library\db\mysqli.php on line 62
2017-06-19 12:38:38 - PHP Warning:  DB\MySQLi::__destruct(): Couldn't fetch mysqli in C:\xampp\htdocs\my-opencart\system\library\db\mysqli.php on line 62
2017-06-19 12:38:38 - PHP Warning:  DB\MySQLi::__destruct(): Property access is not allowed yet in C:\xampp\htdocs\my-opencart\system\library\db\mysqli.php on line 62
2017-06-19 12:38:38 - PHP Warning:  DB\MySQLi::__destruct(): Couldn't fetch mysqli in C:\xampp\htdocs\my-opencart\system\library\db\mysqli.php on line 62
2017-06-19 12:38:38 - PHP Warning:  DB\MySQLi::__destruct(): Couldn't fetch mysqli in C:\xampp\htdocs\my-opencart\system\library\db\mysqli.php on line 62
2017-06-19 12:38:38 - PHP Warning:  DB\MySQLi::__destruct(): Couldn't fetch mysqli in C:\xampp\htdocs\my-opencart\system\library\db\mysqli.php on line 62
2017-06-19 12:38:38 - PHP Warning:  DB\MySQLi::__destruct(): Couldn't fetch mysqli in C:\xampp\htdocs\my-opencart\system\library\db\mysqli.php on line 62
2017-06-19 12:38:40 - PHP Warning:  DB\MySQLi::__destruct(): Property access is not allowed yet in C:\xampp\htdocs\my-opencart\system\library\db\mysqli.php on line 62
2017-06-19 12:38:40 - PHP Warning:  DB\MySQLi::__destruct(): Property access is not allowed yet in C:\xampp\htdocs\my-opencart\system\library\db\mysqli.php on line 62
2017-06-19 12:38:40 - PHP Warning:  DB\MySQLi::__destruct(): Couldn't fetch mysqli in C:\xampp\htdocs\my-opencart\system\library\db\mysqli.php on line 62
2017-06-19 12:38:40 - PHP Warning:  DB\MySQLi::__destruct(): Couldn't fetch mysqli in C:\xampp\htdocs\my-opencart\system\library\db\mysqli.php on line 62
2017-06-19 12:38:40 - PHP Warning:  DB\MySQLi::__destruct(): Property access is not allowed yet in C:\xampp\htdocs\my-opencart\system\library\db\mysqli.php on line 62
2017-06-19 12:38:40 - PHP Warning:  DB\MySQLi::__destruct(): Couldn't fetch mysqli in C:\xampp\htdocs\my-opencart\system\library\db\mysqli.php on line 62
2017-06-19 12:38:40 - PHP Warning:  DB\MySQLi::__destruct(): Couldn't fetch mysqli in C:\xampp\htdocs\my-opencart\system\library\db\mysqli.php on line 62
2017-06-19 12:38:40 - PHP Warning:  DB\MySQLi::__destruct(): Couldn't fetch mysqli in C:\xampp\htdocs\my-opencart\system\library\db\mysqli.php on line 62
2017-06-19 12:38:40 - PHP Warning:  DB\MySQLi::__destruct(): Couldn't fetch mysqli in C:\xampp\htdocs\my-opencart\system\library\db\mysqli.php on line 62
2017-06-19 12:38:40 - PHP Warning:  DB\MySQLi::__destruct(): Couldn't fetch mysqli in C:\xampp\htdocs\my-opencart\system\library\db\mysqli.php on line 62
2017-06-19 12:38:40 - PHP Warning:  DB\MySQLi::__destruct(): Couldn't fetch mysqli in C:\xampp\htdocs\my-opencart\system\library\db\mysqli.php on line 62
2017-06-19 12:38:40 - PHP Warning:  DB\MySQLi::__destruct(): Property access is not allowed yet in C:\xampp\htdocs\my-opencart\system\library\db\mysqli.php on line 62
2017-06-19 12:38:40 - PHP Warning:  DB\MySQLi::__destruct(): Couldn't fetch mysqli in C:\xampp\htdocs\my-opencart\system\library\db\mysqli.php on line 62
2017-06-19 12:38:40 - PHP Warning:  DB\MySQLi::__destruct(): Couldn't fetch mysqli in C:\xampp\htdocs\my-opencart\system\library\db\mysqli.php on line 62
2017-06-19 12:38:40 - PHP Warning:  DB\MySQLi::__destruct(): Couldn't fetch mysqli in C:\xampp\htdocs\my-opencart\system\library\db\mysqli.php on line 62
2017-06-19 12:38:40 - PHP Warning:  DB\MySQLi::__destruct(): Couldn't fetch mysqli in C:\xampp\htdocs\my-opencart\system\library\db\mysqli.php on line 62
2017-06-19 12:38:40 - PHP Warning:  DB\MySQLi::__destruct(): Property access is not allowed yet in C:\xampp\htdocs\my-opencart\system\library\db\mysqli.php on line 62
2017-06-19 12:38:40 - PHP Warning:  DB\MySQLi::__destruct(): Property access is not allowed yet in C:\xampp\htdocs\my-opencart\system\library\db\mysqli.php on line 62
2017-06-19 12:38:40 - PHP Warning:  DB\MySQLi::__destruct(): Couldn't fetch mysqli in C:\xampp\htdocs\my-opencart\system\library\db\mysqli.php on line 62
2017-06-19 12:38:40 - PHP Warning:  DB\MySQLi::__destruct(): Couldn't fetch mysqli in C:\xampp\htdocs\my-opencart\system\library\db\mysqli.php on line 62
2017-06-19 12:38:40 - PHP Warning:  DB\MySQLi::__destruct(): Property access is not allowed yet in C:\xampp\htdocs\my-opencart\system\library\db\mysqli.php on line 62
2017-06-19 12:38:40 - PHP Warning:  DB\MySQLi::__destruct(): Couldn't fetch mysqli in C:\xampp\htdocs\my-opencart\system\library\db\mysqli.php on line 62
2017-06-19 12:38:40 - PHP Warning:  DB\MySQLi::__destruct(): Couldn't fetch mysqli in C:\xampp\htdocs\my-opencart\system\library\db\mysqli.php on line 62
2017-06-19 12:38:40 - PHP Warning:  DB\MySQLi::__destruct(): Couldn't fetch mysqli in C:\xampp\htdocs\my-opencart\system\library\db\mysqli.php on line 62
2017-06-19 12:38:40 - PHP Warning:  DB\MySQLi::__destruct(): Couldn't fetch mysqli in C:\xampp\htdocs\my-opencart\system\library\db\mysqli.php on line 62
2017-06-19 12:38:40 - PHP Warning:  DB\MySQLi::__destruct(): Couldn't fetch mysqli in C:\xampp\htdocs\my-opencart\system\library\db\mysqli.php on line 62
2017-06-19 12:38:40 - PHP Warning:  DB\MySQLi::__destruct(): Couldn't fetch mysqli in C:\xampp\htdocs\my-opencart\system\library\db\mysqli.php on line 62
2017-06-19 12:38:40 - PHP Warning:  DB\MySQLi::__destruct(): Property access is not allowed yet in C:\xampp\htdocs\my-opencart\system\library\db\mysqli.php on line 62
2017-06-19 12:38:40 - PHP Warning:  DB\MySQLi::__destruct(): Couldn't fetch mysqli in C:\xampp\htdocs\my-opencart\system\library\db\mysqli.php on line 62
2017-06-19 12:38:40 - PHP Warning:  DB\MySQLi::__destruct(): Couldn't fetch mysqli in C:\xampp\htdocs\my-opencart\system\library\db\mysqli.php on line 62
2017-06-19 12:38:40 - PHP Warning:  DB\MySQLi::__destruct(): Couldn't fetch mysqli in C:\xampp\htdocs\my-opencart\system\library\db\mysqli.php on line 62
2017-06-19 12:38:40 - PHP Warning:  DB\MySQLi::__destruct(): Couldn't fetch mysqli in C:\xampp\htdocs\my-opencart\system\library\db\mysqli.php on line 62
2017-06-19 12:38:50 - PHP Warning:  DB\MySQLi::__destruct(): Property access is not allowed yet in C:\xampp\htdocs\my-opencart\system\library\db\mysqli.php on line 62
2017-06-19 12:38:50 - PHP Warning:  DB\MySQLi::__destruct(): Property access is not allowed yet in C:\xampp\htdocs\my-opencart\system\library\db\mysqli.php on line 62
2017-06-19 12:38:50 - PHP Warning:  DB\MySQLi::__destruct(): Couldn't fetch mysqli in C:\xampp\htdocs\my-opencart\system\library\db\mysqli.php on line 62
2017-06-19 12:38:50 - PHP Warning:  DB\MySQLi::__destruct(): Couldn't fetch mysqli in C:\xampp\htdocs\my-opencart\system\library\db\mysqli.php on line 62
2017-06-19 12:38:50 - PHP Warning:  DB\MySQLi::__destruct(): Property access is not allowed yet in C:\xampp\htdocs\my-opencart\system\library\db\mysqli.php on line 62
2017-06-19 12:38:50 - PHP Warning:  DB\MySQLi::__destruct(): Couldn't fetch mysqli in C:\xampp\htdocs\my-opencart\system\library\db\mysqli.php on line 62
2017-06-19 12:38:50 - PHP Warning:  DB\MySQLi::__destruct(): Couldn't fetch mysqli in C:\xampp\htdocs\my-opencart\system\library\db\mysqli.php on line 62
2017-06-19 12:38:50 - PHP Warning:  DB\MySQLi::__destruct(): Couldn't fetch mysqli in C:\xampp\htdocs\my-opencart\system\library\db\mysqli.php on line 62
2017-06-19 12:38:50 - PHP Warning:  DB\MySQLi::__destruct(): Couldn't fetch mysqli in C:\xampp\htdocs\my-opencart\system\library\db\mysqli.php on line 62
2017-06-19 12:38:50 - PHP Warning:  DB\MySQLi::__destruct(): Couldn't fetch mysqli in C:\xampp\htdocs\my-opencart\system\library\db\mysqli.php on line 62
2017-06-19 12:38:50 - PHP Warning:  DB\MySQLi::__destruct(): Couldn't fetch mysqli in C:\xampp\htdocs\my-opencart\system\library\db\mysqli.php on line 62
2017-06-19 12:38:50 - PHP Warning:  DB\MySQLi::__destruct(): Property access is not allowed yet in C:\xampp\htdocs\my-opencart\system\library\db\mysqli.php on line 62
2017-06-19 12:38:50 - PHP Warning:  DB\MySQLi::__destruct(): Couldn't fetch mysqli in C:\xampp\htdocs\my-opencart\system\library\db\mysqli.php on line 62
2017-06-19 12:38:50 - PHP Warning:  DB\MySQLi::__destruct(): Couldn't fetch mysqli in C:\xampp\htdocs\my-opencart\system\library\db\mysqli.php on line 62
2017-06-19 12:38:50 - PHP Warning:  DB\MySQLi::__destruct(): Couldn't fetch mysqli in C:\xampp\htdocs\my-opencart\system\library\db\mysqli.php on line 62
2017-06-19 12:38:50 - PHP Warning:  DB\MySQLi::__destruct(): Couldn't fetch mysqli in C:\xampp\htdocs\my-opencart\system\library\db\mysqli.php on line 62
2017-06-19 12:38:50 - PHP Warning:  DB\MySQLi::__destruct(): Property access is not allowed yet in C:\xampp\htdocs\my-opencart\system\library\db\mysqli.php on line 62
2017-06-19 12:38:50 - PHP Warning:  DB\MySQLi::__destruct(): Property access is not allowed yet in C:\xampp\htdocs\my-opencart\system\library\db\mysqli.php on line 62
2017-06-19 12:38:50 - PHP Warning:  DB\MySQLi::__destruct(): Couldn't fetch mysqli in C:\xampp\htdocs\my-opencart\system\library\db\mysqli.php on line 62
2017-06-19 12:38:50 - PHP Warning:  DB\MySQLi::__destruct(): Couldn't fetch mysqli in C:\xampp\htdocs\my-opencart\system\library\db\mysqli.php on line 62
2017-06-19 12:38:50 - PHP Warning:  DB\MySQLi::__destruct(): Property access is not allowed yet in C:\xampp\htdocs\my-opencart\system\library\db\mysqli.php on line 62
2017-06-19 12:38:50 - PHP Warning:  DB\MySQLi::__destruct(): Couldn't fetch mysqli in C:\xampp\htdocs\my-opencart\system\library\db\mysqli.php on line 62
2017-06-19 12:38:50 - PHP Warning:  DB\MySQLi::__destruct(): Couldn't fetch mysqli in C:\xampp\htdocs\my-opencart\system\library\db\mysqli.php on line 62
2017-06-19 12:38:50 - PHP Warning:  DB\MySQLi::__destruct(): Couldn't fetch mysqli in C:\xampp\htdocs\my-opencart\system\library\db\mysqli.php on line 62
2017-06-19 12:38:50 - PHP Warning:  DB\MySQLi::__destruct(): Couldn't fetch mysqli in C:\xampp\htdocs\my-opencart\system\library\db\mysqli.php on line 62
2017-06-19 12:38:50 - PHP Warning:  DB\MySQLi::__destruct(): Couldn't fetch mysqli in C:\xampp\htdocs\my-opencart\system\library\db\mysqli.php on line 62
2017-06-19 12:38:50 - PHP Warning:  DB\MySQLi::__destruct(): Couldn't fetch mysqli in C:\xampp\htdocs\my-opencart\system\library\db\mysqli.php on line 62
2017-06-19 12:38:50 - PHP Warning:  DB\MySQLi::__destruct(): Property access is not allowed yet in C:\xampp\htdocs\my-opencart\system\library\db\mysqli.php on line 62
2017-06-19 12:38:50 - PHP Warning:  DB\MySQLi::__destruct(): Couldn't fetch mysqli in C:\xampp\htdocs\my-opencart\system\library\db\mysqli.php on line 62
2017-06-19 12:38:50 - PHP Warning:  DB\MySQLi::__destruct(): Couldn't fetch mysqli in C:\xampp\htdocs\my-opencart\system\library\db\mysqli.php on line 62
2017-06-19 12:38:50 - PHP Warning:  DB\MySQLi::__destruct(): Couldn't fetch mysqli in C:\xampp\htdocs\my-opencart\system\library\db\mysqli.php on line 62
2017-06-19 12:38:50 - PHP Warning:  DB\MySQLi::__destruct(): Couldn't fetch mysqli in C:\xampp\htdocs\my-opencart\system\library\db\mysqli.php on line 62
2017-06-20 12:45:13 - PHP Notice:  Undefined variable: entry_date_of_birth in C:\xampp\htdocs\my-opencart\admin\view\template\catalog\product_form.tpl on line 116
2017-06-20 15:00:57 - PHP Warning:  DB\MySQLi::__destruct(): Property access is not allowed yet in C:\xampp\htdocs\my-opencart\system\library\db\mysqli.php on line 62
2017-06-20 15:00:57 - PHP Warning:  DB\MySQLi::__destruct(): Property access is not allowed yet in C:\xampp\htdocs\my-opencart\system\library\db\mysqli.php on line 62
2017-06-20 15:00:57 - PHP Warning:  DB\MySQLi::__destruct(): Couldn't fetch mysqli in C:\xampp\htdocs\my-opencart\system\library\db\mysqli.php on line 62
2017-06-20 15:00:57 - PHP Warning:  DB\MySQLi::__destruct(): Couldn't fetch mysqli in C:\xampp\htdocs\my-opencart\system\library\db\mysqli.php on line 62
2017-06-20 15:00:57 - PHP Warning:  DB\MySQLi::__destruct(): Property access is not allowed yet in C:\xampp\htdocs\my-opencart\system\library\db\mysqli.php on line 62
2017-06-20 15:00:57 - PHP Warning:  DB\MySQLi::__destruct(): Couldn't fetch mysqli in C:\xampp\htdocs\my-opencart\system\library\db\mysqli.php on line 62
2017-06-20 15:00:57 - PHP Warning:  DB\MySQLi::__destruct(): Couldn't fetch mysqli in C:\xampp\htdocs\my-opencart\system\library\db\mysqli.php on line 62
2017-06-20 15:00:57 - PHP Warning:  DB\MySQLi::__destruct(): Couldn't fetch mysqli in C:\xampp\htdocs\my-opencart\system\library\db\mysqli.php on line 62
2017-06-20 15:00:57 - PHP Warning:  DB\MySQLi::__destruct(): Couldn't fetch mysqli in C:\xampp\htdocs\my-opencart\system\library\db\mysqli.php on line 62
2017-06-20 15:00:57 - PHP Warning:  DB\MySQLi::__destruct(): Couldn't fetch mysqli in C:\xampp\htdocs\my-opencart\system\library\db\mysqli.php on line 62
2017-06-20 15:00:57 - PHP Warning:  DB\MySQLi::__destruct(): Couldn't fetch mysqli in C:\xampp\htdocs\my-opencart\system\library\db\mysqli.php on line 62
2017-06-20 15:00:57 - PHP Warning:  DB\MySQLi::__destruct(): Property access is not allowed yet in C:\xampp\htdocs\my-opencart\system\library\db\mysqli.php on line 62
2017-06-20 15:00:57 - PHP Warning:  DB\MySQLi::__destruct(): Couldn't fetch mysqli in C:\xampp\htdocs\my-opencart\system\library\db\mysqli.php on line 62
2017-06-20 15:00:57 - PHP Warning:  DB\MySQLi::__destruct(): Couldn't fetch mysqli in C:\xampp\htdocs\my-opencart\system\library\db\mysqli.php on line 62
2017-06-20 15:00:57 - PHP Warning:  DB\MySQLi::__destruct(): Couldn't fetch mysqli in C:\xampp\htdocs\my-opencart\system\library\db\mysqli.php on line 62
2017-06-20 15:00:57 - PHP Warning:  DB\MySQLi::__destruct(): Couldn't fetch mysqli in C:\xampp\htdocs\my-opencart\system\library\db\mysqli.php on line 62
2017-06-20 15:00:57 - PHP Warning:  DB\MySQLi::__destruct(): Property access is not allowed yet in C:\xampp\htdocs\my-opencart\system\library\db\mysqli.php on line 62
2017-06-20 15:00:57 - PHP Warning:  DB\MySQLi::__destruct(): Property access is not allowed yet in C:\xampp\htdocs\my-opencart\system\library\db\mysqli.php on line 62
2017-06-20 15:00:57 - PHP Warning:  DB\MySQLi::__destruct(): Couldn't fetch mysqli in C:\xampp\htdocs\my-opencart\system\library\db\mysqli.php on line 62
2017-06-20 15:00:57 - PHP Warning:  DB\MySQLi::__destruct(): Couldn't fetch mysqli in C:\xampp\htdocs\my-opencart\system\library\db\mysqli.php on line 62
2017-06-20 15:00:57 - PHP Warning:  DB\MySQLi::__destruct(): Property access is not allowed yet in C:\xampp\htdocs\my-opencart\system\library\db\mysqli.php on line 62
2017-06-20 15:00:57 - PHP Warning:  DB\MySQLi::__destruct(): Couldn't fetch mysqli in C:\xampp\htdocs\my-opencart\system\library\db\mysqli.php on line 62
2017-06-20 15:00:57 - PHP Warning:  DB\MySQLi::__destruct(): Couldn't fetch mysqli in C:\xampp\htdocs\my-opencart\system\library\db\mysqli.php on line 62
2017-06-20 15:00:57 - PHP Warning:  DB\MySQLi::__destruct(): Couldn't fetch mysqli in C:\xampp\htdocs\my-opencart\system\library\db\mysqli.php on line 62
2017-06-20 15:00:57 - PHP Warning:  DB\MySQLi::__destruct(): Couldn't fetch mysqli in C:\xampp\htdocs\my-opencart\system\library\db\mysqli.php on line 62
2017-06-20 15:00:57 - PHP Warning:  DB\MySQLi::__destruct(): Couldn't fetch mysqli in C:\xampp\htdocs\my-opencart\system\library\db\mysqli.php on line 62
2017-06-20 15:00:57 - PHP Warning:  DB\MySQLi::__destruct(): Couldn't fetch mysqli in C:\xampp\htdocs\my-opencart\system\library\db\mysqli.php on line 62
2017-06-20 15:00:57 - PHP Warning:  DB\MySQLi::__destruct(): Property access is not allowed yet in C:\xampp\htdocs\my-opencart\system\library\db\mysqli.php on line 62
2017-06-20 15:00:57 - PHP Warning:  DB\MySQLi::__destruct(): Couldn't fetch mysqli in C:\xampp\htdocs\my-opencart\system\library\db\mysqli.php on line 62
2017-06-20 15:00:57 - PHP Warning:  DB\MySQLi::__destruct(): Couldn't fetch mysqli in C:\xampp\htdocs\my-opencart\system\library\db\mysqli.php on line 62
2017-06-20 15:00:57 - PHP Warning:  DB\MySQLi::__destruct(): Couldn't fetch mysqli in C:\xampp\htdocs\my-opencart\system\library\db\mysqli.php on line 62
2017-06-20 15:00:57 - PHP Warning:  DB\MySQLi::__destruct(): Couldn't fetch mysqli in C:\xampp\htdocs\my-opencart\system\library\db\mysqli.php on line 62
2017-06-21 9:19:03 - PHP Notice:  Use of undefined constant of - assumed 'of' in C:\xampp\htdocs\my-opencart\admin\view\template\catalog\product_form.tpl on line 119
2017-06-21 9:19:03 - PHP Notice:  Undefined variable: date in C:\xampp\htdocs\my-opencart\admin\view\template\catalog\product_form.tpl on line 119
2017-06-21 9:19:03 - PHP Notice:  Use of undefined constant birth - assumed 'birth' in C:\xampp\htdocs\my-opencart\admin\view\template\catalog\product_form.tpl on line 119
2017-06-21 9:19:03 - PHP Notice:  Undefined variable: color in C:\xampp\htdocs\my-opencart\admin\view\template\catalog\product_form.tpl on line 130
2017-06-21 9:19:03 - PHP Notice:  Undefined variable: breed in C:\xampp\htdocs\my-opencart\admin\view\template\catalog\product_form.tpl on line 138
2017-06-21 9:23:05 - PHP Notice:  Use of undefined constant of - assumed 'of' in C:\xampp\htdocs\my-opencart\admin\view\template\catalog\product_form.tpl on line 119
2017-06-21 9:23:05 - PHP Notice:  Undefined variable: date in C:\xampp\htdocs\my-opencart\admin\view\template\catalog\product_form.tpl on line 119
2017-06-21 9:23:05 - PHP Notice:  Use of undefined constant birth - assumed 'birth' in C:\xampp\htdocs\my-opencart\admin\view\template\catalog\product_form.tpl on line 119
2017-06-21 9:23:05 - PHP Notice:  Undefined variable: color in C:\xampp\htdocs\my-opencart\admin\view\template\catalog\product_form.tpl on line 130
2017-06-21 9:25:12 - PHP Notice:  Undefined index: date_of_bird in C:\xampp\htdocs\my-opencart\admin\controller\catalog\product.php on line 883
2017-06-21 9:25:13 - PHP Notice:  Use of undefined constant of - assumed 'of' in C:\xampp\htdocs\my-opencart\admin\view\template\catalog\product_form.tpl on line 119
2017-06-21 9:25:13 - PHP Notice:  Undefined variable: date in C:\xampp\htdocs\my-opencart\admin\view\template\catalog\product_form.tpl on line 119
2017-06-21 9:25:13 - PHP Notice:  Use of undefined constant birth - assumed 'birth' in C:\xampp\htdocs\my-opencart\admin\view\template\catalog\product_form.tpl on line 119
2017-06-21 9:25:56 - PHP Notice:  Use of undefined constant of - assumed 'of' in C:\xampp\htdocs\my-opencart\admin\view\template\catalog\product_form.tpl on line 119
2017-06-21 9:25:56 - PHP Notice:  Undefined variable: date in C:\xampp\htdocs\my-opencart\admin\view\template\catalog\product_form.tpl on line 119
2017-06-21 9:25:56 - PHP Notice:  Use of undefined constant birth - assumed 'birth' in C:\xampp\htdocs\my-opencart\admin\view\template\catalog\product_form.tpl on line 119
2017-06-21 9:26:51 - PHP Notice:  Use of undefined constant of - assumed 'of' in C:\xampp\htdocs\my-opencart\admin\view\template\catalog\product_form.tpl on line 119
2017-06-21 9:26:51 - PHP Notice:  Undefined variable: date in C:\xampp\htdocs\my-opencart\admin\view\template\catalog\product_form.tpl on line 119
2017-06-21 9:26:51 - PHP Notice:  Use of undefined constant birth - assumed 'birth' in C:\xampp\htdocs\my-opencart\admin\view\template\catalog\product_form.tpl on line 119
2017-06-21 11:11:38 - PHP Warning:  DB\MySQLi::query(): Couldn't fetch mysqli_result in C:\xampp\htdocs\my-opencart\system\library\db\mysqli.php on line 35
2017-06-21 11:11:38 - PHP Warning:  DB\MySQLi::query(): Couldn't fetch mysqli_result in C:\xampp\htdocs\my-opencart\system\library\db\mysqli.php on line 35
2017-06-21 11:11:38 - PHP Warning:  DB\MySQLi::query(): Property access is not allowed yet in C:\xampp\htdocs\my-opencart\system\library\db\mysqli.php on line 35
2017-06-21 11:11:38 - PHP Warning:  DB\MySQLi::query(): Couldn't fetch mysqli_result in C:\xampp\htdocs\my-opencart\system\library\db\mysqli.php on line 35
2017-06-21 11:11:38 - PHP Warning:  DB\MySQLi::query(): Property access is not allowed yet in C:\xampp\htdocs\my-opencart\system\library\db\mysqli.php on line 35
2017-06-21 11:17:40 - PHP Warning:  DB\MySQLi::query(): Couldn't fetch mysqli_result in C:\xampp\htdocs\my-opencart\system\library\db\mysqli.php on line 35
2017-06-21 11:17:40 - PHP Warning:  DB\MySQLi::query(): Couldn't fetch mysqli_result in C:\xampp\htdocs\my-opencart\system\library\db\mysqli.php on line 35
2017-06-21 11:17:40 - PHP Warning:  DB\MySQLi::query(): Property access is not allowed yet in C:\xampp\htdocs\my-opencart\system\library\db\mysqli.php on line 35
2017-06-21 11:17:40 - PHP Warning:  DB\MySQLi::query(): Couldn't fetch mysqli_result in C:\xampp\htdocs\my-opencart\system\library\db\mysqli.php on line 35
2017-06-21 11:17:40 - PHP Warning:  DB\MySQLi::query(): Property access is not allowed yet in C:\xampp\htdocs\my-opencart\system\library\db\mysqli.php on line 35
2017-06-21 11:20:49 - PHP Warning:  DB\MySQLi::query(): Couldn't fetch mysqli_result in C:\xampp\htdocs\my-opencart\system\library\db\mysqli.php on line 35
2017-06-21 11:20:49 - PHP Warning:  DB\MySQLi::query(): Couldn't fetch mysqli_result in C:\xampp\htdocs\my-opencart\system\library\db\mysqli.php on line 35
2017-06-21 11:20:49 - PHP Warning:  DB\MySQLi::query(): Property access is not allowed yet in C:\xampp\htdocs\my-opencart\system\library\db\mysqli.php on line 35
2017-06-21 11:20:49 - PHP Warning:  DB\MySQLi::query(): Couldn't fetch mysqli_result in C:\xampp\htdocs\my-opencart\system\library\db\mysqli.php on line 35
2017-06-21 11:20:49 - PHP Warning:  DB\MySQLi::query(): Property access is not allowed yet in C:\xampp\htdocs\my-opencart\system\library\db\mysqli.php on line 35
